#
# A fatal error has been detected by the Java Runtime Environment:
#
#  EXCEPTION_ACCESS_VIOLATION (0xc0000005) at pc=0x00007ffef9ad57b9, pid=12768, tid=16848
#
# JRE version: OpenJDK Runtime Environment (16.0.1+9) (build 16.0.1+9-24)
# Java VM: OpenJDK 64-Bit Server VM (16.0.1+9-24, mixed mode, tiered, compressed oops, compressed class ptrs, g1 gc, windows-amd64)
# Problematic frame:
# V  [jvm.dll+0x2a57b9]
#
# No core dump will be written. Minidumps are not enabled by default on client versions of Windows
#
# If you would like to submit a bug report, please visit:
#   https://bugreport.java.com/bugreport/crash.jsp
#

---------------  S U M M A R Y ------------

Command Line: -Dfile.encoding=UTF-8 -XX:+ShowCodeDetailsInExceptionMessages com.net.javaguides.springbootbackend.SpringbootBackendApplication

Host: Intel(R) Core(TM) i3-8130U CPU @ 2.20GHz, 4 cores, 7G,  Windows 10 , 64 bit Build 19041 (10.0.19041.1151)
Time: Thu Aug 26 17:13:15 2021 India Standard Time elapsed time: 2.636287 seconds (0d 0h 0m 2s)

---------------  T H R E A D  ---------------

Current thread (0x0000020efa6399d0):  JavaThread "C2 CompilerThread1" daemon [_thread_in_native, id=16848, stack(0x000000cb46100000,0x000000cb46200000)]


Current CompileTask:
C2:   2636 2715   !   4       jdk.internal.loader.BuiltinClassLoader::loadClassOrNull (143 bytes)

Stack: [0x000000cb46100000,0x000000cb46200000],  sp=0x000000cb461faaa0,  free space=1002k
Native frames: (J=compiled Java code, j=interpreted, Vv=VM code, C=native code)
V  [jvm.dll+0x2a57b9]
V  [jvm.dll+0x574359]
V  [jvm.dll+0x21eb55]
V  [jvm.dll+0x217e51]
V  [jvm.dll+0x21524c]
V  [jvm.dll+0x1a1d9b]
V  [jvm.dll+0x2253a8]
V  [jvm.dll+0x2233ec]
V  [jvm.dll+0x780002]
V  [jvm.dll+0x779b4a]
V  [jvm.dll+0x667666]
C  [ucrtbase.dll+0x21bb2]
C  [KERNEL32.DLL+0x17034]
C  [ntdll.dll+0x52651]


siginfo: EXCEPTION_ACCESS_VIOLATION (0xc0000005), writing address 0x0000020f063fce20


Register to memory mapping:

RIP=0x00007ffef9ad57b9 jvm.dll
RAX=0x0000020efb8b5ae0 points into unknown readable memory: 0x00007ffefa153de0 | e0 3d 15 fa fe 7f 00 00
RBX=0x0 is NULL
RCX=0x0000020efbffce20 points into unknown readable memory: 0x0000000000000000 | 00 00 00 00 00 00 00 00
RDX=0x0000000001480000 is an unknown value
RSP=0x000000cb461faaa0 is pointing into the stack for thread: 0x0000020efa6399d0
RBP=0x0000020efd5b6730 points into unknown readable memory: 0x0000000000000000 | 00 00 00 00 00 00 00 00
RSI=0x000000cb461faf60 is pointing into the stack for thread: 0x0000020efa6399d0
RDI=0x0000020efd5b6780 points into unknown readable memory: 0x0000020ef92abff0 | f0 bf 2a f9 0e 02 00 00
R8 =0x0000020efd5f23c0 points into unknown readable memory: 0x0000020efb8b5b70 | 70 5b 8b fb 0e 02 00 00
R9 =0x0000020efd5f2370 points into unknown readable memory: 0x0000020efb8b5ae0 | e0 5a 8b fb 0e 02 00 00
R10=0x00000000000000b1 is an unknown value
R11=0x0000020efd5b6780 points into unknown readable memory: 0x0000020ef92abff0 | f0 bf 2a f9 0e 02 00 00
R12=0x0000020efc0137e0 points into unknown readable memory: 0x0000020efd5b6720 | 20 67 5b fd 0e 02 00 00
R13=0x0 is NULL
R14=0x0000020efbf42df0 points into unknown readable memory: 0xffffffff00000001 | 01 00 00 00 ff ff ff ff
R15=0x0000020efa6c2480 points into unknown readable memory: 0x0000020e00000006 | 06 00 00 00 0e 02 00 00


Registers:
RAX=0x0000020efb8b5ae0, RBX=0x0000000000000000, RCX=0x0000020efbffce20, RDX=0x0000000001480000
RSP=0x000000cb461faaa0, RBP=0x0000020efd5b6730, RSI=0x000000cb461faf60, RDI=0x0000020efd5b6780
R8 =0x0000020efd5f23c0, R9 =0x0000020efd5f2370, R10=0x00000000000000b1, R11=0x0000020efd5b6780
R12=0x0000020efc0137e0, R13=0x0000000000000000, R14=0x0000020efbf42df0, R15=0x0000020efa6c2480
RIP=0x00007ffef9ad57b9, EFLAGS=0x0000000000010202

Top of Stack: (sp=0x000000cb461faaa0)
0x000000cb461faaa0:   0000020efd5b6730 000000cb461faaf0
0x000000cb461faab0:   000000cb461faf60 0000020efbf42df0
0x000000cb461faac0:   0000020efbf42df0 0000020efa6c2480
0x000000cb461faad0:   0000020efc0137e0 00000000000ee640
0x000000cb461faae0:   0000020efc01ecd0 0000020efc01ecd0
0x000000cb461faaf0:   0000000000000200 0000020efbef4e30
0x000000cb461fab00:   0000000000000200 0000020efa6c2480
0x000000cb461fab10:   0000020e00000ca6 0000000000000000
0x000000cb461fab20:   0000000000000000 0000000000000000
0x000000cb461fab30:   0000020eeeda50f0 0000000000000000
0x000000cb461fab40:   0000020efa6b6220 000000cb461fac60
0x000000cb461fab50:   000000cb461faf60 00007ffef9da4359
0x000000cb461fab60:   000000cb461faf60 000000cb00000ca6
0x000000cb461fab70:   0000020efd5b6730 0000000000000000
0x000000cb461fab80:   0000000000020020 0000000000020010
0x000000cb461fab90:   0000000000000001 0000020eecc70000 

Instructions: (pc=0x00007ffef9ad57b9)
0x00007ffef9ad56b9:   15 3a 00 48 83 c7 08 49 3b fe 72 bb 48 8b b4 24
0x00007ffef9ad56c9:   c0 00 00 00 ff cd ff c5 41 3b 6f 18 0f 82 05 ff
0x00007ffef9ad56d9:   ff ff 4c 8b 74 24 20 45 33 ed 48 8b ac 24 d0 00
0x00007ffef9ad56e9:   00 00 49 83 ec 50 48 83 ac 24 d8 00 00 00 01 0f
0x00007ffef9ad56f9:   85 a2 fc ff ff 8b 84 24 c8 00 00 00 4c 8b 7c 24
0x00007ffef9ad5709:   28 4c 8b 64 24 30 4c 63 d0 49 83 fa 02 7e 47 48
0x00007ffef9ad5719:   8d 95 d0 00 00 00 4d 8d 4a fe 0f 1f 40 00 66 0f
0x00007ffef9ad5729:   1f 84 00 00 00 00 00 8b 42 d8 4c 8b 02 48 8d 0c
0x00007ffef9ad5739:   80 48 c1 e1 04 48 03 cd 4c 3b c1 74 07 49 8b 40
0x00007ffef9ad5749:   30 48 89 02 4c 89 6a 10 4c 89 6a 18 48 83 c2 50
0x00007ffef9ad5759:   49 83 e9 01 75 d1 48 8b 46 10 48 8b 88 98 02 00
0x00007ffef9ad5769:   00 8b 41 28 41 8b 0c 86 48 8d 3c 89 48 c1 e7 04
0x00007ffef9ad5779:   48 03 fd 4c 89 6f 30 4c 89 6f 10 4c 89 6f 40 4c
0x00007ffef9ad5789:   89 6f 48 49 83 fa 01 7e 5c 4c 8d 45 50 49 ff ca
0x00007ffef9ad5799:   0f 1f 80 00 00 00 00 4d 8b 48 30 4d 85 c9 74 22
0x00007ffef9ad57a9:   49 8b 00 48 8b 8e f8 09 00 00 8b 50 28 49 8b 01
0x00007ffef9ad57b9:   48 89 04 d1 49 8b 41 40 49 89 40 48 4d 89 41 40
0x00007ffef9ad57c9:   eb 19 48 8b 46 10 48 8b 88 98 02 00 00 48 8b 86
0x00007ffef9ad57d9:   f8 09 00 00 8b 51 28 4c 89 2c d0 49 83 c0 50 49
0x00007ffef9ad57e9:   83 ea 01 75 b2 48 8b 46 10 33 d2 48 8b 9e 00 0a
0x00007ffef9ad57f9:   00 00 8b 88 08 02 00 00 ff c1 48 c1 e1 03 e8 64
0x00007ffef9ad5809:   9a 41 00 4c 8b c8 48 89 38 4c 8d 40 08 66 66 0f
0x00007ffef9ad5819:   1f 84 00 00 00 00 00 41 ff c5 4d 8b d0 66 66 0f
0x00007ffef9ad5829:   1f 84 00 00 00 00 00 49 8b 09 49 83 c1 08 66 0f
0x00007ffef9ad5839:   1f 84 00 00 00 00 00 48 8b 01 8b 50 28 44 89 2c
0x00007ffef9ad5849:   93 48 8b 41 40 48 8b 49 48 48 85 c0 74 07 49 89
0x00007ffef9ad5859:   00 49 83 c0 08 48 85 c9 75 dd 4d 3b ca 72 c8 4d
0x00007ffef9ad5869:   3b d0 72 b3 4c 8b 4e 10 48 8b 8e f8 09 00 00 49
0x00007ffef9ad5879:   8b 81 a0 02 00 00 44 8b 40 28 49 8b 81 98 02 00
0x00007ffef9ad5889:   00 4a 89 04 c1 48 8b 46 10 48 8b 88 a0 02 00 00
0x00007ffef9ad5899:   48 8b 86 00 0a 00 00 44 8b 41 28 42 c7 04 80 01
0x00007ffef9ad58a9:   00 00 00 49 83 3c 24 00 74 15 48 8b 54 24 38 49 


Stack slot to memory mapping:
stack at sp + 0 slots: 0x0000020efd5b6730 points into unknown readable memory: 0x0000000000000000 | 00 00 00 00 00 00 00 00
stack at sp + 1 slots: 0x000000cb461faaf0 is pointing into the stack for thread: 0x0000020efa6399d0
stack at sp + 2 slots: 0x000000cb461faf60 is pointing into the stack for thread: 0x0000020efa6399d0
stack at sp + 3 slots: 0x0000020efbf42df0 points into unknown readable memory: 0xffffffff00000001 | 01 00 00 00 ff ff ff ff
stack at sp + 4 slots: 0x0000020efbf42df0 points into unknown readable memory: 0xffffffff00000001 | 01 00 00 00 ff ff ff ff
stack at sp + 5 slots: 0x0000020efa6c2480 points into unknown readable memory: 0x0000020e00000006 | 06 00 00 00 0e 02 00 00
stack at sp + 6 slots: 0x0000020efc0137e0 points into unknown readable memory: 0x0000020efd5b6720 | 20 67 5b fd 0e 02 00 00
stack at sp + 7 slots: 0x00000000000ee640 is an unknown value


---------------  P R O C E S S  ---------------

Threads class SMR info:
_java_thread_list=0x0000020efb697020, length=15, elements={
0x0000020eeed93970, 0x0000020ef9274010, 0x0000020ef92758f0, 0x0000020ef92aa280,
0x0000020ef92aab90, 0x0000020ef92ab590, 0x0000020ef9c01090, 0x0000020ef9c01dc0,
0x0000020ef9c5a310, 0x0000020ef9c5f120, 0x0000020ef9d597e0, 0x0000020ef9d6d950,
0x0000020efa6399d0, 0x0000020efa50e870, 0x0000020efa759ce0
}

Java Threads: ( => current thread )
  0x0000020eeed93970 JavaThread "main" [_thread_blocked, id=4180, stack(0x000000cb44e00000,0x000000cb44f00000)]
  0x0000020ef9274010 JavaThread "Reference Handler" daemon [_thread_blocked, id=17256, stack(0x000000cb45500000,0x000000cb45600000)]
  0x0000020ef92758f0 JavaThread "Finalizer" daemon [_thread_blocked, id=2596, stack(0x000000cb45600000,0x000000cb45700000)]
  0x0000020ef92aa280 JavaThread "Signal Dispatcher" daemon [_thread_blocked, id=3140, stack(0x000000cb45700000,0x000000cb45800000)]
  0x0000020ef92aab90 JavaThread "Attach Listener" daemon [_thread_blocked, id=3760, stack(0x000000cb45800000,0x000000cb45900000)]
  0x0000020ef92ab590 JavaThread "Service Thread" daemon [_thread_blocked, id=6004, stack(0x000000cb45900000,0x000000cb45a00000)]
  0x0000020ef9c01090 JavaThread "Monitor Deflation Thread" daemon [_thread_blocked, id=9172, stack(0x000000cb45a00000,0x000000cb45b00000)]
  0x0000020ef9c01dc0 JavaThread "C2 CompilerThread0" daemon [_thread_in_native, id=1728, stack(0x000000cb45b00000,0x000000cb45c00000)]
  0x0000020ef9c5a310 JavaThread "C1 CompilerThread0" daemon [_thread_blocked, id=10072, stack(0x000000cb45c00000,0x000000cb45d00000)]
  0x0000020ef9c5f120 JavaThread "Sweeper thread" daemon [_thread_blocked, id=16108, stack(0x000000cb45d00000,0x000000cb45e00000)]
  0x0000020ef9d597e0 JavaThread "Notification Thread" daemon [_thread_blocked, id=11924, stack(0x000000cb45e00000,0x000000cb45f00000)]
  0x0000020ef9d6d950 JavaThread "Common-Cleaner" daemon [_thread_blocked, id=13756, stack(0x000000cb46000000,0x000000cb46100000)]
=>0x0000020efa6399d0 JavaThread "C2 CompilerThread1" daemon [_thread_in_native, id=16848, stack(0x000000cb46100000,0x000000cb46200000)]
  0x0000020efa50e870 JavaThread "Thread-0" [_thread_blocked, id=9644, stack(0x000000cb46600000,0x000000cb46700000)]
  0x0000020efa759ce0 JavaThread "restartedMain" [_thread_in_Java, id=2480, stack(0x000000cb46700000,0x000000cb46800000)]

Other Threads:
  0x0000020ef925f9f0 VMThread "VM Thread" [stack: 0x000000cb45400000,0x000000cb45500000] [id=12176]
  0x0000020ef9d5bd10 WatcherThread [stack: 0x000000cb45f00000,0x000000cb46000000] [id=16788]
  0x0000020eeedd07a0 GCTaskThread "GC Thread#0" [stack: 0x000000cb44f00000,0x000000cb45000000] [id=12416]
  0x0000020efa6cba20 GCTaskThread "GC Thread#1" [stack: 0x000000cb46200000,0x000000cb46300000] [id=2528]
  0x0000020efa6cbd30 GCTaskThread "GC Thread#2" [stack: 0x000000cb46300000,0x000000cb46400000] [id=10380]
  0x0000020efb52f170 GCTaskThread "GC Thread#3" [stack: 0x000000cb46400000,0x000000cb46500000] [id=11176]
  0x0000020eeede23f0 ConcurrentGCThread "G1 Main Marker" [stack: 0x000000cb45000000,0x000000cb45100000] [id=10076]
  0x0000020eeede4750 ConcurrentGCThread "G1 Conc#0" [stack: 0x000000cb45100000,0x000000cb45200000] [id=684]
  0x0000020eeee5c180 ConcurrentGCThread "G1 Refine#0" [stack: 0x000000cb45200000,0x000000cb45300000] [id=10324]
  0x0000020efb52f480 ConcurrentGCThread "G1 Refine#1" [stack: 0x000000cb46500000,0x000000cb46600000] [id=1940]
  0x0000020eeee5cc00 ConcurrentGCThread "G1 Service" [stack: 0x000000cb45300000,0x000000cb45400000] [id=5780]

Threads with active compile tasks:
C2 CompilerThread0     2731 2725       4       java.net.URLStreamHandler::parseURL (1201 bytes)
C2 CompilerThread1     2731 2715   !   4       jdk.internal.loader.BuiltinClassLoader::loadClassOrNull (143 bytes)

VM state: not at safepoint (normal execution)

VM Mutex/Monitor currently owned by a thread: None

Heap address: 0x0000000082800000, size: 2008 MB, Compressed Oops mode: 32-bit

CDS disabled.
Compressed class space mapped at: 0x0000000100000000-0x0000000140000000, reserved size: 1073741824
Narrow klass base: 0x0000000000000000, Narrow klass shift: 3, Narrow klass range: 0x140000000

GC Precious Log:
 CPUs: 4 total, 4 available
 Memory: 8026M
 Large Page Support: Disabled
 NUMA Support: Disabled
 Compressed Oops: Enabled (32-bit)
 Heap Region Size: 1M
 Heap Min Capacity: 8M
 Heap Initial Capacity: 126M
 Heap Max Capacity: 2008M
 Pre-touch: Disabled
 Parallel Workers: 4
 Concurrent Workers: 1
 Concurrent Refinement Workers: 4
 Periodic GC: Disabled

Heap:
 garbage-first heap   total 83968K, used 32731K [0x0000000082800000, 0x0000000100000000)
  region size 1024K, 25 young (25600K), 2 survivors (2048K)
 Metaspace       used 28133K, committed 28352K, reserved 1081344K
  class space    used 3160K, committed 3264K, reserved 1048576K

Heap Regions: E=young(eden), S=young(survivor), O=old, HS=humongous(starts), HC=humongous(continues), CS=collection set, F=free, OA=open archive, CA=closed archive, TAMS=top-at-mark-start (previous, next)
|   0|0x0000000082800000, 0x0000000082900000, 0x0000000082900000|100%|HS|  |TAMS 0x0000000082900000, 0x0000000082800000| Complete 
|   1|0x0000000082900000, 0x0000000082a00000, 0x0000000082a00000|100%| O|  |TAMS 0x0000000082a00000, 0x0000000082900000| Untracked 
|   2|0x0000000082a00000, 0x0000000082b00000, 0x0000000082b00000|100%| O|  |TAMS 0x0000000082b00000, 0x0000000082a00000| Untracked 
|   3|0x0000000082b00000, 0x0000000082c00000, 0x0000000082c00000|100%| O|  |TAMS 0x0000000082c00000, 0x0000000082b00000| Untracked 
|   4|0x0000000082c00000, 0x0000000082d00000, 0x0000000082d00000|100%| O|  |TAMS 0x0000000082d00000, 0x0000000082c00000| Untracked 
|   5|0x0000000082d00000, 0x0000000082ded600, 0x0000000082e00000| 92%| O|  |TAMS 0x0000000082ded600, 0x0000000082d00000| Untracked 
|   6|0x0000000082e00000, 0x0000000082f00000, 0x0000000082f00000|100%| O|  |TAMS 0x0000000082e00000, 0x0000000082e00000| Untracked 
|   7|0x0000000082f00000, 0x0000000083000000, 0x0000000083000000|100%| O|  |TAMS 0x0000000082f00000, 0x0000000082f00000| Untracked 
|   8|0x0000000083000000, 0x000000008303c000, 0x0000000083100000| 23%| O|  |TAMS 0x0000000083000000, 0x0000000083000000| Untracked 
|   9|0x0000000083100000, 0x0000000083100000, 0x0000000083200000|  0%| F|  |TAMS 0x0000000083100000, 0x0000000083100000| Untracked 
|  10|0x0000000083200000, 0x0000000083200000, 0x0000000083300000|  0%| F|  |TAMS 0x0000000083200000, 0x0000000083200000| Untracked 
|  11|0x0000000083300000, 0x0000000083300000, 0x0000000083400000|  0%| F|  |TAMS 0x0000000083300000, 0x0000000083300000| Untracked 
|  12|0x0000000083400000, 0x0000000083400000, 0x0000000083500000|  0%| F|  |TAMS 0x0000000083400000, 0x0000000083400000| Untracked 
|  13|0x0000000083500000, 0x0000000083500000, 0x0000000083600000|  0%| F|  |TAMS 0x0000000083500000, 0x0000000083500000| Untracked 
|  14|0x0000000083600000, 0x0000000083600000, 0x0000000083700000|  0%| F|  |TAMS 0x0000000083600000, 0x0000000083600000| Untracked 
|  15|0x0000000083700000, 0x0000000083700000, 0x0000000083800000|  0%| F|  |TAMS 0x0000000083700000, 0x0000000083700000| Untracked 
|  16|0x0000000083800000, 0x0000000083800000, 0x0000000083900000|  0%| F|  |TAMS 0x0000000083800000, 0x0000000083800000| Untracked 
|  17|0x0000000083900000, 0x0000000083900000, 0x0000000083a00000|  0%| F|  |TAMS 0x0000000083900000, 0x0000000083900000| Untracked 
|  18|0x0000000083a00000, 0x0000000083acd8e8, 0x0000000083b00000| 80%| S|CS|TAMS 0x0000000083a00000, 0x0000000083a00000| Complete 
|  19|0x0000000083b00000, 0x0000000083c00000, 0x0000000083c00000|100%| S|CS|TAMS 0x0000000083b00000, 0x0000000083b00000| Complete 
|  20|0x0000000083c00000, 0x0000000083c00000, 0x0000000083d00000|  0%| F|  |TAMS 0x0000000083c00000, 0x0000000083c00000| Untracked 
|  21|0x0000000083d00000, 0x0000000083d00000, 0x0000000083e00000|  0%| F|  |TAMS 0x0000000083d00000, 0x0000000083d00000| Untracked 
|  22|0x0000000083e00000, 0x0000000083e00000, 0x0000000083f00000|  0%| F|  |TAMS 0x0000000083e00000, 0x0000000083e00000| Untracked 
|  23|0x0000000083f00000, 0x0000000083f00000, 0x0000000084000000|  0%| F|  |TAMS 0x0000000083f00000, 0x0000000083f00000| Untracked 
|  24|0x0000000084000000, 0x0000000084000000, 0x0000000084100000|  0%| F|  |TAMS 0x0000000084000000, 0x0000000084000000| Untracked 
|  25|0x0000000084100000, 0x0000000084100000, 0x0000000084200000|  0%| F|  |TAMS 0x0000000084100000, 0x0000000084100000| Untracked 
|  26|0x0000000084200000, 0x0000000084200000, 0x0000000084300000|  0%| F|  |TAMS 0x0000000084200000, 0x0000000084200000| Untracked 
|  27|0x0000000084300000, 0x0000000084300000, 0x0000000084400000|  0%| F|  |TAMS 0x0000000084300000, 0x0000000084300000| Untracked 
|  28|0x0000000084400000, 0x0000000084400000, 0x0000000084500000|  0%| F|  |TAMS 0x0000000084400000, 0x0000000084400000| Untracked 
|  29|0x0000000084500000, 0x0000000084500000, 0x0000000084600000|  0%| F|  |TAMS 0x0000000084500000, 0x0000000084500000| Untracked 
|  30|0x0000000084600000, 0x0000000084600000, 0x0000000084700000|  0%| F|  |TAMS 0x0000000084600000, 0x0000000084600000| Untracked 
|  31|0x0000000084700000, 0x0000000084700000, 0x0000000084800000|  0%| F|  |TAMS 0x0000000084700000, 0x0000000084700000| Untracked 
|  32|0x0000000084800000, 0x0000000084800000, 0x0000000084900000|  0%| F|  |TAMS 0x0000000084800000, 0x0000000084800000| Untracked 
|  33|0x0000000084900000, 0x0000000084900000, 0x0000000084a00000|  0%| F|  |TAMS 0x0000000084900000, 0x0000000084900000| Untracked 
|  34|0x0000000084a00000, 0x0000000084a00000, 0x0000000084b00000|  0%| F|  |TAMS 0x0000000084a00000, 0x0000000084a00000| Untracked 
|  35|0x0000000084b00000, 0x0000000084b00000, 0x0000000084c00000|  0%| F|  |TAMS 0x0000000084b00000, 0x0000000084b00000| Untracked 
|  36|0x0000000084c00000, 0x0000000084c00000, 0x0000000084d00000|  0%| F|  |TAMS 0x0000000084c00000, 0x0000000084c00000| Untracked 
|  37|0x0000000084d00000, 0x0000000084d00000, 0x0000000084e00000|  0%| F|  |TAMS 0x0000000084d00000, 0x0000000084d00000| Untracked 
|  38|0x0000000084e00000, 0x0000000084e00000, 0x0000000084f00000|  0%| F|  |TAMS 0x0000000084e00000, 0x0000000084e00000| Untracked 
|  39|0x0000000084f00000, 0x0000000084f00000, 0x0000000085000000|  0%| F|  |TAMS 0x0000000084f00000, 0x0000000084f00000| Untracked 
|  40|0x0000000085000000, 0x0000000085000000, 0x0000000085100000|  0%| F|  |TAMS 0x0000000085000000, 0x0000000085000000| Untracked 
|  41|0x0000000085100000, 0x0000000085100000, 0x0000000085200000|  0%| F|  |TAMS 0x0000000085100000, 0x0000000085100000| Untracked 
|  42|0x0000000085200000, 0x0000000085200000, 0x0000000085300000|  0%| F|  |TAMS 0x0000000085200000, 0x0000000085200000| Untracked 
|  43|0x0000000085300000, 0x0000000085300000, 0x0000000085400000|  0%| F|  |TAMS 0x0000000085300000, 0x0000000085300000| Untracked 
|  44|0x0000000085400000, 0x0000000085400000, 0x0000000085500000|  0%| F|  |TAMS 0x0000000085400000, 0x0000000085400000| Untracked 
|  45|0x0000000085500000, 0x0000000085500000, 0x0000000085600000|  0%| F|  |TAMS 0x0000000085500000, 0x0000000085500000| Untracked 
|  46|0x0000000085600000, 0x0000000085600000, 0x0000000085700000|  0%| F|  |TAMS 0x0000000085600000, 0x0000000085600000| Untracked 
|  47|0x0000000085700000, 0x0000000085700000, 0x0000000085800000|  0%| F|  |TAMS 0x0000000085700000, 0x0000000085700000| Untracked 
|  48|0x0000000085800000, 0x0000000085800000, 0x0000000085900000|  0%| F|  |TAMS 0x0000000085800000, 0x0000000085800000| Untracked 
|  49|0x0000000085900000, 0x0000000085900000, 0x0000000085a00000|  0%| F|  |TAMS 0x0000000085900000, 0x0000000085900000| Untracked 
|  50|0x0000000085a00000, 0x0000000085a00000, 0x0000000085b00000|  0%| F|  |TAMS 0x0000000085a00000, 0x0000000085a00000| Untracked 
|  51|0x0000000085b00000, 0x0000000085b00000, 0x0000000085c00000|  0%| F|  |TAMS 0x0000000085b00000, 0x0000000085b00000| Untracked 
|  52|0x0000000085c00000, 0x0000000085c00000, 0x0000000085d00000|  0%| F|  |TAMS 0x0000000085c00000, 0x0000000085c00000| Untracked 
|  53|0x0000000085d00000, 0x0000000085d00000, 0x0000000085e00000|  0%| F|  |TAMS 0x0000000085d00000, 0x0000000085d00000| Untracked 
|  54|0x0000000085e00000, 0x0000000085e00000, 0x0000000085f00000|  0%| F|  |TAMS 0x0000000085e00000, 0x0000000085e00000| Untracked 
|  55|0x0000000085f00000, 0x0000000085f00000, 0x0000000086000000|  0%| F|  |TAMS 0x0000000085f00000, 0x0000000085f00000| Untracked 
|  56|0x0000000086000000, 0x0000000086000000, 0x0000000086100000|  0%| F|  |TAMS 0x0000000086000000, 0x0000000086000000| Untracked 
|  57|0x0000000086100000, 0x0000000086100000, 0x0000000086200000|  0%| F|  |TAMS 0x0000000086100000, 0x0000000086100000| Untracked 
|  58|0x0000000086200000, 0x0000000086200000, 0x0000000086300000|  0%| F|  |TAMS 0x0000000086200000, 0x0000000086200000| Untracked 
|  59|0x0000000086300000, 0x0000000086400000, 0x0000000086400000|100%| E|CS|TAMS 0x0000000086300000, 0x0000000086300000| Complete 
|  60|0x0000000086400000, 0x0000000086500000, 0x0000000086500000|100%| E|CS|TAMS 0x0000000086400000, 0x0000000086400000| Complete 
|  61|0x0000000086500000, 0x0000000086600000, 0x0000000086600000|100%| E|CS|TAMS 0x0000000086500000, 0x0000000086500000| Complete 
|  62|0x0000000086600000, 0x0000000086700000, 0x0000000086700000|100%| E|CS|TAMS 0x0000000086600000, 0x0000000086600000| Complete 
|  63|0x0000000086700000, 0x0000000086800000, 0x0000000086800000|100%| E|CS|TAMS 0x0000000086700000, 0x0000000086700000| Complete 
|  64|0x0000000086800000, 0x0000000086900000, 0x0000000086900000|100%| E|CS|TAMS 0x0000000086800000, 0x0000000086800000| Complete 
|  65|0x0000000086900000, 0x0000000086a00000, 0x0000000086a00000|100%| E|CS|TAMS 0x0000000086900000, 0x0000000086900000| Complete 
|  66|0x0000000086a00000, 0x0000000086b00000, 0x0000000086b00000|100%| E|CS|TAMS 0x0000000086a00000, 0x0000000086a00000| Complete 
|  67|0x0000000086b00000, 0x0000000086c00000, 0x0000000086c00000|100%| E|CS|TAMS 0x0000000086b00000, 0x0000000086b00000| Complete 
|  68|0x0000000086c00000, 0x0000000086d00000, 0x0000000086d00000|100%| E|CS|TAMS 0x0000000086c00000, 0x0000000086c00000| Complete 
|  69|0x0000000086d00000, 0x0000000086e00000, 0x0000000086e00000|100%| E|CS|TAMS 0x0000000086d00000, 0x0000000086d00000| Complete 
|  70|0x0000000086e00000, 0x0000000086f00000, 0x0000000086f00000|100%| E|CS|TAMS 0x0000000086e00000, 0x0000000086e00000| Complete 
|  71|0x0000000086f00000, 0x0000000087000000, 0x0000000087000000|100%| E|CS|TAMS 0x0000000086f00000, 0x0000000086f00000| Complete 
|  72|0x0000000087000000, 0x0000000087100000, 0x0000000087100000|100%| E|CS|TAMS 0x0000000087000000, 0x0000000087000000| Complete 
|  73|0x0000000087100000, 0x0000000087200000, 0x0000000087200000|100%| E|CS|TAMS 0x0000000087100000, 0x0000000087100000| Complete 
|  74|0x0000000087200000, 0x0000000087300000, 0x0000000087300000|100%| E|CS|TAMS 0x0000000087200000, 0x0000000087200000| Complete 
|  75|0x0000000087300000, 0x0000000087400000, 0x0000000087400000|100%| E|CS|TAMS 0x0000000087300000, 0x0000000087300000| Complete 
|  76|0x0000000087400000, 0x0000000087500000, 0x0000000087500000|100%| E|CS|TAMS 0x0000000087400000, 0x0000000087400000| Complete 
|  77|0x0000000087500000, 0x0000000087600000, 0x0000000087600000|100%| E|CS|TAMS 0x0000000087500000, 0x0000000087500000| Complete 
|  87|0x0000000087f00000, 0x0000000088000000, 0x0000000088000000|100%| E|CS|TAMS 0x0000000087f00000, 0x0000000087f00000| Complete 
|  88|0x0000000088000000, 0x0000000088100000, 0x0000000088100000|100%| E|CS|TAMS 0x0000000088000000, 0x0000000088000000| Complete 
|  89|0x0000000088100000, 0x0000000088200000, 0x0000000088200000|100%| E|CS|TAMS 0x0000000088100000, 0x0000000088100000| Complete 
| 125|0x000000008a500000, 0x000000008a600000, 0x000000008a600000|100%| E|CS|TAMS 0x000000008a500000, 0x000000008a500000| Complete 

Card table byte_map: [0x0000020ef26f0000,0x0000020ef2ae0000] _byte_map_base: 0x0000020ef22dc000

Marking Bits (Prev, Next): (CMBitMap*) 0x0000020eeedd1ee0, (CMBitMap*) 0x0000020eeedd1ea0
 Prev Bits: [0x0000020ef4e30000, 0x0000020ef6d90000)
 Next Bits: [0x0000020ef2ed0000, 0x0000020ef4e30000)

Polling page: 0x0000020eee570000

Metaspace:

Usage:
  Non-class:     24.39 MB used.
      Class:      3.09 MB used.
       Both:     27.48 MB used.

Virtual space:
  Non-class space:       32.00 MB reserved,      24.50 MB ( 77%) committed,  4 nodes.
      Class space:        1.00 GB reserved,       3.19 MB ( <1%) committed,  1 nodes.
              Both:        1.03 GB reserved,      27.69 MB (  3%) committed. 

Chunk freelists:
   Non-Class:  2.70 MB
       Class:  719.00 KB
        Both:  3.41 MB

MaxMetaspaceSize: 17179869184.00 GB
CompressedClassSpaceSize: 1.00 GB
 - commit_granule_bytes: 65536.
 - commit_granule_words: 8192.
 - virtual_space_node_default_size: 1048576.
 - enlarge_chunks_in_place: 1.
 - new_chunks_are_fully_committed: 0.
 - uncommit_free_chunks: 1.
 - use_allocation_guard: 0.
 - handle_deallocations: 1.


Internal statistics:

num_allocs_failed_limit: 3.
num_arena_births: 260.
num_arena_deaths: 0.
num_vsnodes_births: 5.
num_vsnodes_deaths: 0.
num_space_committed: 443.
num_space_uncommitted: 0.
num_chunks_returned_to_freelist: 3.
num_chunks_taken_from_freelist: 972.
num_chunk_merges: 3.
num_chunk_splits: 630.
num_chunks_enlarged: 454.
num_purges: 0.

CodeHeap 'non-profiled nmethods': size=120000Kb used=1153Kb max_used=1153Kb free=118846Kb
 bounds [0x0000020e87ad0000, 0x0000020e87d40000, 0x0000020e8f000000]
CodeHeap 'profiled nmethods': size=120000Kb used=6010Kb max_used=6010Kb free=113989Kb
 bounds [0x0000020e805a0000, 0x0000020e80b80000, 0x0000020e87ad0000]
CodeHeap 'non-nmethods': size=5760Kb used=1169Kb max_used=1225Kb free=4590Kb
 bounds [0x0000020e80000000, 0x0000020e80270000, 0x0000020e805a0000]
 total_blobs=3335 nmethods=2881 adapters=366
 compilation: enabled
              stopped_count=0, restarted_count=0
 full_count=0

Compilation events (20 events):
Event: 2.619 Thread 0x0000020ef9c5a310 nmethod 2830 0x0000020e80b4b810 code [0x0000020e80b4b9c0, 0x0000020e80b4bb48]
Event: 2.619 Thread 0x0000020ef9c5a310 2831       2       java.util.HashSet::add (20 bytes)
Event: 2.620 Thread 0x0000020ef9c5a310 nmethod 2831 0x0000020e80b4bc10 code [0x0000020e80b4bdc0, 0x0000020e80b4bf08]
Event: 2.622 Thread 0x0000020ef9c5a310 2832  s    3       java.lang.StringBuffer::append (13 bytes)
Event: 2.622 Thread 0x0000020ef9c5a310 nmethod 2832 0x0000020e80b4bf90 code [0x0000020e80b4c140, 0x0000020e80b4c368]
Event: 2.623 Thread 0x0000020ef9c5a310 2833       1       org.springframework.beans.factory.annotation.AnnotatedGenericBeanDefinition::getMetadata (5 bytes)
Event: 2.623 Thread 0x0000020ef9c5a310 nmethod 2833 0x0000020e87beed10 code [0x0000020e87beeea0, 0x0000020e87beef78]
Event: 2.623 Thread 0x0000020ef9c5a310 2834       3       org.springframework.boot.autoconfigure.condition.OnBeanCondition$Spec::extract (165 bytes)
Event: 2.624 Thread 0x0000020ef9c5a310 nmethod 2834 0x0000020e80b4c410 code [0x0000020e80b4c720, 0x0000020e80b4dc18]
Event: 2.624 Thread 0x0000020ef9c5a310 2835       3       org.springframework.beans.factory.support.AbstractBeanFactory::getMergedLocalBeanDefinition (38 bytes)
Event: 2.624 Thread 0x0000020ef9c5a310 nmethod 2835 0x0000020e80b4e190 code [0x0000020e80b4e380, 0x0000020e80b4e948]
Event: 2.624 Thread 0x0000020ef9c5a310 2837   !   3       org.springframework.beans.factory.support.DefaultSingletonBeanRegistry::getSingleton (147 bytes)
Event: 2.625 Thread 0x0000020ef9c5a310 nmethod 2837 0x0000020e80b4eb10 code [0x0000020e80b4ed80, 0x0000020e80b4fa88]
Event: 2.625 Thread 0x0000020ef9c5a310 2838       2       org.springframework.beans.factory.support.AbstractBeanFactory::isTypeMatch (607 bytes)
Event: 2.628 Thread 0x0000020ef9c5a310 nmethod 2838 0x0000020e80b4ff90 code [0x0000020e80b503e0, 0x0000020e80b51ad8]
Event: 2.628 Thread 0x0000020ef9c5a310 2839       1       sun.reflect.generics.reflectiveObjects.TypeVariableImpl::getName (5 bytes)
Event: 2.628 Thread 0x0000020ef9c5a310 nmethod 2839 0x0000020e87bef010 code [0x0000020e87bef1a0, 0x0000020e87bef278]
Event: 2.628 Thread 0x0000020ef9c5a310 2840       3       java.lang.Class::getTypeParameters (19 bytes)
Event: 2.629 Thread 0x0000020ef9c5a310 nmethod 2840 0x0000020e80b52790 code [0x0000020e80b52980, 0x0000020e80b52f28]
Event: 2.629 Thread 0x0000020ef9c5a310 2841   !   3       org.springframework.util.ConcurrentReferenceHashMap$Segment::doTask (179 bytes)

GC Heap History (14 events):
Event: 0.868 GC heap before
{Heap before GC invocations=0 (full 0):
 garbage-first heap   total 129024K, used 14336K [0x0000000082800000, 0x0000000100000000)
  region size 1024K, 13 young (13312K), 0 survivors (0K)
 Metaspace       used 10353K, committed 10496K, reserved 1064960K
  class space    used 940K, committed 1024K, reserved 1048576K
}
Event: 0.872 GC heap after
{Heap after GC invocations=1 (full 0):
 garbage-first heap   total 129024K, used 5987K [0x0000000082800000, 0x0000000100000000)
  region size 1024K, 2 young (2048K), 2 survivors (2048K)
 Metaspace       used 10353K, committed 10496K, reserved 1064960K
  class space    used 940K, committed 1024K, reserved 1048576K
}
Event: 0.972 GC heap before
{Heap before GC invocations=1 (full 0):
 garbage-first heap   total 129024K, used 18275K [0x0000000082800000, 0x0000000100000000)
  region size 1024K, 15 young (15360K), 2 survivors (2048K)
 Metaspace       used 11761K, committed 11968K, reserved 1064960K
  class space    used 1115K, committed 1216K, reserved 1048576K
}
Event: 0.975 GC heap after
{Heap after GC invocations=2 (full 0):
 garbage-first heap   total 129024K, used 6524K [0x0000000082800000, 0x0000000100000000)
  region size 1024K, 1 young (1024K), 1 survivors (1024K)
 Metaspace       used 11761K, committed 11968K, reserved 1064960K
  class space    used 1115K, committed 1216K, reserved 1048576K
}
Event: 1.001 GC heap before
{Heap before GC invocations=2 (full 0):
 garbage-first heap   total 129024K, used 34172K [0x0000000082800000, 0x0000000100000000)
  region size 1024K, 29 young (29696K), 1 survivors (1024K)
 Metaspace       used 11771K, committed 11968K, reserved 1064960K
  class space    used 1115K, committed 1216K, reserved 1048576K
}
Event: 1.002 GC heap after
{Heap after GC invocations=3 (full 0):
 garbage-first heap   total 129024K, used 6385K [0x0000000082800000, 0x0000000100000000)
  region size 1024K, 1 young (1024K), 1 survivors (1024K)
 Metaspace       used 11771K, committed 11968K, reserved 1064960K
  class space    used 1115K, committed 1216K, reserved 1048576K
}
Event: 1.641 GC heap before
{Heap before GC invocations=3 (full 0):
 garbage-first heap   total 129024K, used 41201K [0x0000000082800000, 0x0000000100000000)
  region size 1024K, 36 young (36864K), 1 survivors (1024K)
 Metaspace       used 21106K, committed 21248K, reserved 1073152K
  class space    used 2232K, committed 2304K, reserved 1048576K
}
Event: 1.645 GC heap after
{Heap after GC invocations=4 (full 0):
 garbage-first heap   total 129024K, used 8416K [0x0000000082800000, 0x0000000100000000)
  region size 1024K, 3 young (3072K), 3 survivors (3072K)
 Metaspace       used 21106K, committed 21248K, reserved 1073152K
  class space    used 2232K, committed 2304K, reserved 1048576K
}
Event: 1.904 GC heap before
{Heap before GC invocations=5 (full 0):
 garbage-first heap   total 34816K, used 32992K [0x0000000082800000, 0x0000000100000000)
  region size 1024K, 28 young (28672K), 3 survivors (3072K)
 Metaspace       used 24086K, committed 24320K, reserved 1073152K
  class space    used 2663K, committed 2752K, reserved 1048576K
}
Event: 1.909 GC heap after
{Heap after GC invocations=6 (full 0):
 garbage-first heap   total 38912K, used 9497K [0x0000000082800000, 0x0000000100000000)
  region size 1024K, 4 young (4096K), 4 survivors (4096K)
 Metaspace       used 24086K, committed 24320K, reserved 1073152K
  class space    used 2663K, committed 2752K, reserved 1048576K
}
Event: 1.911 GC heap before
{Heap before GC invocations=6 (full 0):
 garbage-first heap   total 38912K, used 26905K [0x0000000082800000, 0x0000000100000000)
  region size 1024K, 22 young (22528K), 4 survivors (4096K)
 Metaspace       used 24086K, committed 24320K, reserved 1073152K
  class space    used 2663K, committed 2752K, reserved 1048576K
}
Event: 1.914 GC heap after
{Heap after GC invocations=7 (full 0):
 garbage-first heap   total 38912K, used 9660K [0x0000000082800000, 0x0000000100000000)
  region size 1024K, 2 young (2048K), 2 survivors (2048K)
 Metaspace       used 24086K, committed 24320K, reserved 1073152K
  class space    used 2663K, committed 2752K, reserved 1048576K
}
Event: 2.156 GC heap before
{Heap before GC invocations=7 (full 0):
 garbage-first heap   total 38912K, used 27068K [0x0000000082800000, 0x0000000100000000)
  region size 1024K, 20 young (20480K), 2 survivors (2048K)
 Metaspace       used 25395K, committed 25600K, reserved 1073152K
  class space    used 2794K, committed 2880K, reserved 1048576K
}
Event: 2.159 GC heap after
{Heap after GC invocations=8 (full 0):
 garbage-first heap   total 83968K, used 10203K [0x0000000082800000, 0x0000000100000000)
  region size 1024K, 2 young (2048K), 2 survivors (2048K)
 Metaspace       used 25395K, committed 25600K, reserved 1073152K
  class space    used 2794K, committed 2880K, reserved 1048576K
}

Deoptimization events (20 events):
Event: 2.430 Thread 0x0000020efa759ce0 DEOPT PACKING pc=0x0000020e87b58a50 sp=0x000000cb467fd190
Event: 2.430 Thread 0x0000020efa759ce0 DEOPT UNPACKING pc=0x0000020e8004d72e sp=0x000000cb467fd130 mode 2
Event: 2.530 Thread 0x0000020efa759ce0 Uncommon trap: trap_request=0xffffffc6 fr.pc=0x0000020e87bb6348 relative=0x0000000000002328
Event: 2.530 Thread 0x0000020efa759ce0 Uncommon trap: reason=bimorphic_or_optimized_type_check action=maybe_recompile pc=0x0000020e87bb6348 method=java.util.HashMap.putVal(ILjava/lang/Object;Ljava/lang/Object;ZZ)Ljava/lang/Object; @ 203 c2
Event: 2.530 Thread 0x0000020efa759ce0 DEOPT PACKING pc=0x0000020e87bb6348 sp=0x000000cb467fdb10
Event: 2.531 Thread 0x0000020efa759ce0 DEOPT UNPACKING pc=0x0000020e8004d72e sp=0x000000cb467fd9d8 mode 2
Event: 2.569 Thread 0x0000020efa759ce0 Uncommon trap: trap_request=0xffffff45 fr.pc=0x0000020e87bdfbfc relative=0x000000000000061c
Event: 2.569 Thread 0x0000020efa759ce0 Uncommon trap: reason=unstable_if action=reinterpret pc=0x0000020e87bdfbfc method=org.springframework.beans.factory.support.AbstractBeanFactory.getMergedLocalBeanDefinition(Ljava/lang/String;)Lorg/springframework/beans/factory/support/RootBeanDefinition; 
Event: 2.569 Thread 0x0000020efa759ce0 DEOPT PACKING pc=0x0000020e87bdfbfc sp=0x000000cb467fd5f0
Event: 2.569 Thread 0x0000020efa759ce0 DEOPT UNPACKING pc=0x0000020e8004d72e sp=0x000000cb467fd5a8 mode 2
Event: 2.569 Thread 0x0000020efa759ce0 Uncommon trap: trap_request=0xffffff45 fr.pc=0x0000020e87be84f0 relative=0x0000000000000bf0
Event: 2.569 Thread 0x0000020efa759ce0 Uncommon trap: reason=unstable_if action=reinterpret pc=0x0000020e87be84f0 method=org.springframework.beans.factory.support.DefaultSingletonBeanRegistry.getSingleton(Ljava/lang/String;Z)Ljava/lang/Object; @ 20 c2
Event: 2.569 Thread 0x0000020efa759ce0 DEOPT PACKING pc=0x0000020e87be84f0 sp=0x000000cb467fd2b0
Event: 2.569 Thread 0x0000020efa759ce0 DEOPT UNPACKING pc=0x0000020e8004d72e sp=0x000000cb467fd260 mode 2
Event: 2.588 Thread 0x0000020efa759ce0 DEOPT PACKING pc=0x0000020e80915b9c sp=0x000000cb467fcaa0
Event: 2.588 Thread 0x0000020efa759ce0 DEOPT UNPACKING pc=0x0000020e8004dece sp=0x000000cb467fbff8 mode 0
Event: 2.590 Thread 0x0000020efa759ce0 Uncommon trap: trap_request=0xffffffde fr.pc=0x0000020e87be9dec relative=0x00000000000007ec
Event: 2.590 Thread 0x0000020efa759ce0 Uncommon trap: reason=class_check action=maybe_recompile pc=0x0000020e87be9dec method=org.springframework.util.ConcurrentReferenceHashMap$Segment.findInChain(Lorg/springframework/util/ConcurrentReferenceHashMap$Reference;Ljava/lang/Object;I)Lorg/springfra
Event: 2.590 Thread 0x0000020efa759ce0 DEOPT PACKING pc=0x0000020e87be9dec sp=0x000000cb467fd8a0
Event: 2.590 Thread 0x0000020efa759ce0 DEOPT UNPACKING pc=0x0000020e8004d72e sp=0x000000cb467fd768 mode 2

Classes unloaded (0 events):
No events

Classes redefined (0 events):
No events

Internal exceptions (20 events):
Event: 1.751 Thread 0x0000020efa759ce0 Exception <a 'java/lang/ClassNotFoundException'{0x0000000084046c40}: org/springframework/beans/factory/config/BeanFactoryPostProcessorCustomizer> (0x0000000084046c40) 
thrown [t:\workspace\open\src\hotspot\share\classfile\systemDictionary.cpp, line 256]
Event: 1.752 Thread 0x0000020efa759ce0 Exception <a 'java/lang/ClassNotFoundException'{0x000000008404bf70}: org/springframework/core/PriorityOrderedCustomizer> (0x000000008404bf70) 
thrown [t:\workspace\open\src\hotspot\share\classfile\systemDictionary.cpp, line 256]
Event: 1.754 Thread 0x0000020efa759ce0 Exception <a 'java/lang/ClassNotFoundException'{0x000000008404fef0}: org/springframework/core/OrderedCustomizer> (0x000000008404fef0) 
thrown [t:\workspace\open\src\hotspot\share\classfile\systemDictionary.cpp, line 256]
Event: 1.754 Thread 0x0000020efa759ce0 Exception <a 'java/lang/ClassNotFoundException'{0x0000000084055078}: org/springframework/context/ResourceLoaderAwareCustomizer> (0x0000000084055078) 
thrown [t:\workspace\open\src\hotspot\share\classfile\systemDictionary.cpp, line 256]
Event: 1.755 Thread 0x0000020efa759ce0 Exception <a 'java/lang/ClassNotFoundException'{0x000000008405a340}: org/springframework/beans/factory/AwareCustomizer> (0x000000008405a340) 
thrown [t:\workspace\open\src\hotspot\share\classfile\systemDictionary.cpp, line 256]
Event: 1.755 Thread 0x0000020efa759ce0 Exception <a 'java/lang/ClassNotFoundException'{0x000000008405e5f0}: org/springframework/context/ApplicationStartupAwareCustomizer> (0x000000008405e5f0) 
thrown [t:\workspace\open\src\hotspot\share\classfile\systemDictionary.cpp, line 256]
Event: 1.756 Thread 0x0000020efa759ce0 Exception <a 'java/lang/ClassNotFoundException'{0x0000000084063b30}: org/springframework/beans/factory/AwareCustomizer> (0x0000000084063b30) 
thrown [t:\workspace\open\src\hotspot\share\classfile\systemDictionary.cpp, line 256]
Event: 1.756 Thread 0x0000020efa759ce0 Exception <a 'java/lang/ClassNotFoundException'{0x0000000084067df0}: org/springframework/beans/factory/BeanClassLoaderAwareCustomizer> (0x0000000084067df0) 
thrown [t:\workspace\open\src\hotspot\share\classfile\systemDictionary.cpp, line 256]
Event: 1.757 Thread 0x0000020efa759ce0 Exception <a 'java/lang/ClassNotFoundException'{0x000000008406d0d0}: org/springframework/beans/factory/AwareCustomizer> (0x000000008406d0d0) 
thrown [t:\workspace\open\src\hotspot\share\classfile\systemDictionary.cpp, line 256]
Event: 1.757 Thread 0x0000020efa759ce0 Exception <a 'java/lang/ClassNotFoundException'{0x0000000084071168}: org/springframework/context/EnvironmentAwareCustomizer> (0x0000000084071168) 
thrown [t:\workspace\open\src\hotspot\share\classfile\systemDictionary.cpp, line 256]
Event: 1.758 Thread 0x0000020efa759ce0 Exception <a 'java/lang/ClassNotFoundException'{0x00000000840763c0}: org/springframework/beans/factory/AwareCustomizer> (0x00000000840763c0) 
thrown [t:\workspace\open\src\hotspot\share\classfile\systemDictionary.cpp, line 256]
Event: 1.790 Thread 0x0000020efb480880 Exception <a 'java/lang/NoSuchMethodError'{0x0000000083d41fb0}: 'long java.lang.invoke.DirectMethodHandle$Holder.invokeSpecial(java.lang.Object, java.lang.Object)'> (0x0000000083d41fb0) 
thrown [t:\workspace\open\src\hotspot\share\interpreter\linkResolver.cpp, line 790]
Event: 1.795 Thread 0x0000020efb480880 Exception <a 'java/lang/NoSuchMethodError'{0x0000000083d4d1a8}: 'long java.lang.invoke.DirectMethodHandle$Holder.invokeStatic(java.lang.Object, java.lang.Object)'> (0x0000000083d4d1a8) 
thrown [t:\workspace\open\src\hotspot\share\interpreter\linkResolver.cpp, line 790]
Event: 1.796 Thread 0x0000020efb480880 Exception <a 'java/lang/NoSuchMethodError'{0x0000000083d50988}: 'long java.lang.invoke.DirectMethodHandle$Holder.invokeStaticInit(java.lang.Object, java.lang.Object)'> (0x0000000083d50988) 
thrown [t:\workspace\open\src\hotspot\share\interpreter\linkResolver.cpp, line 790]
Event: 1.800 Thread 0x0000020efb480880 Exception <a 'java/lang/NoSuchMethodError'{0x0000000083d5e8a0}: 'long java.lang.invoke.DirectMethodHandle$Holder.invokeInterface(java.lang.Object, java.lang.Object)'> (0x0000000083d5e8a0) 
thrown [t:\workspace\open\src\hotspot\share\interpreter\linkResolver.cpp, line 790]
Event: 1.800 Thread 0x0000020efb480880 Exception <a 'java/lang/IncompatibleClassChangeError'{0x0000000083d62000}: Found class java.lang.Object, but interface was expected> (0x0000000083d62000) 
thrown [t:\workspace\open\src\hotspot\share\interpreter\linkResolver.cpp, line 857]
Event: 1.812 Thread 0x0000020efb480880 Exception <a 'java/lang/NoSuchMethodError'{0x0000000083c48578}: 'java.lang.Object java.lang.invoke.DirectMethodHandle$Holder.invokeVirtual(java.lang.Object, java.lang.Object, java.lang.Object, java.lang.Object)'> (0x0000000083c48578) 
thrown [t:\workspace\open\src\hotspot\share\interpreter\linkResolver.cpp, line 790]
Event: 1.967 Thread 0x0000020efa759ce0 Exception <a 'java/lang/IncompatibleClassChangeError'{0x0000000084435b60}: Found class java.lang.Object, but interface was expected> (0x0000000084435b60) 
thrown [t:\workspace\open\src\hotspot\share\interpreter\linkResolver.cpp, line 857]
Event: 2.007 Thread 0x0000020efa759ce0 Exception <a 'java/lang/NoSuchMethodError'{0x00000000843da7c8}: 'void java.lang.invoke.DirectMethodHandle$Holder.invokeInterface(java.lang.Object, java.lang.Object, java.lang.Object, java.lang.Object)'> (0x00000000843da7c8) 
thrown [t:\workspace\open\src\hotspot\share\interpreter\linkResolver.cpp, line 790]
Event: 2.593 Thread 0x0000020efa759ce0 Exception <a 'java/lang/NoSuchMethodError'{0x000000008662b6b0}: 'java.lang.Object java.lang.invoke.DirectMethodHandle$Holder.invokeStatic(java.lang.Object, java.lang.Object, java.lang.Object, java.lang.Object, int)'> (0x000000008662b6b0) 
thrown [t:\workspace\open\src\hotspot\share\interpreter\linkResolver.cpp, line 790]

Events (20 events):
Event: 2.588 Executing  VM operation: HandshakeAllThreads
Event: 2.588 Executing  VM operation: HandshakeAllThreads done
Event: 2.592 loading class java/util/stream/Streams$RangeIntSpliterator
Event: 2.592 loading class java/util/stream/Streams$RangeIntSpliterator done
Event: 2.594 loading class java/util/stream/IntPipeline$1
Event: 2.594 loading class java/util/stream/IntPipeline$1 done
Event: 2.594 loading class java/util/stream/IntPipeline$1$1
Event: 2.594 loading class java/util/stream/IntPipeline$1$1 done
Event: 2.603 loading class java/util/stream/Streams$ConcatSpliterator$OfRef
Event: 2.603 loading class java/util/stream/Streams$ConcatSpliterator
Event: 2.603 loading class java/util/stream/Streams$ConcatSpliterator done
Event: 2.603 loading class java/util/stream/Streams$ConcatSpliterator$OfRef done
Event: 2.603 loading class java/util/stream/Streams$2
Event: 2.603 loading class java/util/stream/Streams$2 done
Event: 2.617 loading class java/util/stream/ReferencePipeline$15
Event: 2.617 loading class java/util/stream/ReferencePipeline$15 done
Event: 2.618 loading class java/util/stream/ReferencePipeline$15$1
Event: 2.618 loading class java/util/stream/ReferencePipeline$15$1 done
Event: 2.621 Executing  VM operation: HandshakeAllThreads
Event: 2.621 Executing  VM operation: HandshakeAllThreads done


Dynamic libraries:
0x00007ff687a40000 - 0x00007ff687a4e000 	C:\Users\MBS\.p2\pool\plugins\org.eclipse.justj.openjdk.hotspot.jre.full.win32.x86_64_16.0.1.v20210528-1205\jre\bin\javaw.exe
0x00007fff517b0000 - 0x00007fff519a5000 	C:\WINDOWS\SYSTEM32\ntdll.dll
0x00007fff4f820000 - 0x00007fff4f8dd000 	C:\WINDOWS\System32\KERNEL32.DLL
0x00007fff4efe0000 - 0x00007fff4f2a9000 	C:\WINDOWS\System32\KERNELBASE.dll
0x00007fff4f500000 - 0x00007fff4f600000 	C:\WINDOWS\System32\ucrtbase.dll
0x00007fff37800000 - 0x00007fff37818000 	C:\Users\MBS\.p2\pool\plugins\org.eclipse.justj.openjdk.hotspot.jre.full.win32.x86_64_16.0.1.v20210528-1205\jre\bin\jli.dll
0x00007fff4f8e0000 - 0x00007fff4fa80000 	C:\WINDOWS\System32\USER32.dll
0x00007fff4ef10000 - 0x00007fff4ef32000 	C:\WINDOWS\System32\win32u.dll
0x00007fff4fe00000 - 0x00007fff4fe2a000 	C:\WINDOWS\System32\GDI32.dll
0x00007fff4f3f0000 - 0x00007fff4f4fb000 	C:\WINDOWS\System32\gdi32full.dll
0x00007fff4ef40000 - 0x00007fff4efdd000 	C:\WINDOWS\System32\msvcp_win.dll
0x00007fff377e0000 - 0x00007fff377f9000 	C:\Users\MBS\.p2\pool\plugins\org.eclipse.justj.openjdk.hotspot.jre.full.win32.x86_64_16.0.1.v20210528-1205\jre\bin\VCRUNTIME140.dll
0x00007fff4bba0000 - 0x00007fff4be3a000 	C:\WINDOWS\WinSxS\amd64_microsoft.windows.common-controls_6595b64144ccf1df_6.0.19041.1110_none_60b5254171f9507e\COMCTL32.dll
0x00007fff4fd60000 - 0x00007fff4fdfe000 	C:\WINDOWS\System32\msvcrt.dll
0x00007fff50be0000 - 0x00007fff50c10000 	C:\WINDOWS\System32\IMM32.DLL
0x00007fff3fc00000 - 0x00007fff3fc0c000 	C:\Users\MBS\.p2\pool\plugins\org.eclipse.justj.openjdk.hotspot.jre.full.win32.x86_64_16.0.1.v20210528-1205\jre\bin\vcruntime140_1.dll
0x00007fff0e750000 - 0x00007fff0e7e1000 	C:\Users\MBS\.p2\pool\plugins\org.eclipse.justj.openjdk.hotspot.jre.full.win32.x86_64_16.0.1.v20210528-1205\jre\bin\msvcp140.dll
0x00007ffef9830000 - 0x00007ffefa3db000 	C:\Users\MBS\.p2\pool\plugins\org.eclipse.justj.openjdk.hotspot.jre.full.win32.x86_64_16.0.1.v20210528-1205\jre\bin\server\jvm.dll
0x00007fff4fcb0000 - 0x00007fff4fd5c000 	C:\WINDOWS\System32\ADVAPI32.dll
0x00007fff4fbb0000 - 0x00007fff4fc4b000 	C:\WINDOWS\System32\sechost.dll
0x00007fff4fa80000 - 0x00007fff4fbaa000 	C:\WINDOWS\System32\RPCRT4.dll
0x00007fff50c10000 - 0x00007fff50c18000 	C:\WINDOWS\System32\PSAPI.DLL
0x00007fff3c530000 - 0x00007fff3c539000 	C:\WINDOWS\SYSTEM32\WSOCK32.dll
0x00007fff50940000 - 0x00007fff509ab000 	C:\WINDOWS\System32\WS2_32.dll
0x00007fff3b540000 - 0x00007fff3b567000 	C:\WINDOWS\SYSTEM32\WINMM.dll
0x00007fff41a70000 - 0x00007fff41a7a000 	C:\WINDOWS\SYSTEM32\VERSION.dll
0x00007fff4d3f0000 - 0x00007fff4d402000 	C:\WINDOWS\SYSTEM32\kernel.appcore.dll
0x00007fff49eb0000 - 0x00007fff49eba000 	C:\Users\MBS\.p2\pool\plugins\org.eclipse.justj.openjdk.hotspot.jre.full.win32.x86_64_16.0.1.v20210528-1205\jre\bin\jimage.dll
0x00007fff4e900000 - 0x00007fff4eae4000 	C:\WINDOWS\SYSTEM32\DBGHELP.DLL
0x00007fff4e360000 - 0x00007fff4e38c000 	C:\WINDOWS\SYSTEM32\dbgcore.DLL
0x00007fff4f2b0000 - 0x00007fff4f333000 	C:\WINDOWS\System32\bcryptPrimitives.dll
0x00007fff37030000 - 0x00007fff37055000 	C:\Users\MBS\.p2\pool\plugins\org.eclipse.justj.openjdk.hotspot.jre.full.win32.x86_64_16.0.1.v20210528-1205\jre\bin\java.dll
0x00007fff3fbe0000 - 0x00007fff3fbf8000 	C:\Users\MBS\.p2\pool\plugins\org.eclipse.justj.openjdk.hotspot.jre.full.win32.x86_64_16.0.1.v20210528-1205\jre\bin\zip.dll
0x00007fff501f0000 - 0x00007fff5092f000 	C:\WINDOWS\System32\SHELL32.dll
0x00007fff4ca90000 - 0x00007fff4d220000 	C:\WINDOWS\SYSTEM32\windows.storage.dll
0x00007fff51250000 - 0x00007fff515a5000 	C:\WINDOWS\System32\combase.dll
0x00007fff4e5c0000 - 0x00007fff4e5ec000 	C:\WINDOWS\SYSTEM32\Wldp.dll
0x00007fff51660000 - 0x00007fff5170e000 	C:\WINDOWS\System32\SHCORE.dll
0x00007fff4fff0000 - 0x00007fff50045000 	C:\WINDOWS\System32\shlwapi.dll
0x00007fff4ee20000 - 0x00007fff4ee3f000 	C:\WINDOWS\SYSTEM32\profapi.dll
0x00007fff35dd0000 - 0x00007fff35de9000 	C:\Users\MBS\.p2\pool\plugins\org.eclipse.justj.openjdk.hotspot.jre.full.win32.x86_64_16.0.1.v20210528-1205\jre\bin\net.dll
0x00007fff40d30000 - 0x00007fff40e38000 	C:\WINDOWS\SYSTEM32\WINHTTP.dll
0x00007fff4e270000 - 0x00007fff4e2da000 	C:\WINDOWS\system32\mswsock.dll
0x00007fff35d10000 - 0x00007fff35d23000 	C:\Users\MBS\.p2\pool\plugins\org.eclipse.justj.openjdk.hotspot.jre.full.win32.x86_64_16.0.1.v20210528-1205\jre\bin\nio.dll
0x00007fff49e30000 - 0x00007fff49e40000 	C:\Users\MBS\.p2\pool\plugins\org.eclipse.justj.openjdk.hotspot.jre.full.win32.x86_64_16.0.1.v20210528-1205\jre\bin\verify.dll
0x00007fff49e00000 - 0x00007fff49e09000 	C:\Users\MBS\.p2\pool\plugins\org.eclipse.justj.openjdk.hotspot.jre.full.win32.x86_64_16.0.1.v20210528-1205\jre\bin\management.dll
0x00007fff49dd0000 - 0x00007fff49ddb000 	C:\Users\MBS\.p2\pool\plugins\org.eclipse.justj.openjdk.hotspot.jre.full.win32.x86_64_16.0.1.v20210528-1205\jre\bin\management_ext.dll
0x00007fff39570000 - 0x00007fff39587000 	C:\WINDOWS\system32\napinsp.dll
0x00007fff39550000 - 0x00007fff3956b000 	C:\WINDOWS\system32\pnrpnsp.dll
0x00007fff39530000 - 0x00007fff39545000 	C:\WINDOWS\system32\wshbth.dll
0x00007fff49db0000 - 0x00007fff49dcd000 	C:\WINDOWS\system32\NLAapi.dll
0x00007fff4df60000 - 0x00007fff4df9b000 	C:\WINDOWS\SYSTEM32\IPHLPAPI.DLL
0x00007fff4dfa0000 - 0x00007fff4e06c000 	C:\WINDOWS\SYSTEM32\DNSAPI.dll
0x00007fff4f810000 - 0x00007fff4f818000 	C:\WINDOWS\System32\NSI.dll
0x00007fff39370000 - 0x00007fff39382000 	C:\WINDOWS\System32\winrnr.dll
0x00007fff40ad0000 - 0x00007fff40ada000 	C:\Windows\System32\rasadhlp.dll
0x00007fff40cb0000 - 0x00007fff40d2f000 	C:\WINDOWS\System32\fwpuclnt.dll
0x00007fff4eee0000 - 0x00007fff4ef07000 	C:\WINDOWS\System32\bcrypt.dll

dbghelp: loaded successfully - version: 4.0.5 - missing functions: none
symbol engine: initialized successfully - sym options: 0x614 - pdb path: .;C:\Users\MBS\.p2\pool\plugins\org.eclipse.justj.openjdk.hotspot.jre.full.win32.x86_64_16.0.1.v20210528-1205\jre\bin;C:\WINDOWS\SYSTEM32;C:\WINDOWS\WinSxS\amd64_microsoft.windows.common-controls_6595b64144ccf1df_6.0.19041.1110_none_60b5254171f9507e;C:\Users\MBS\.p2\pool\plugins\org.eclipse.justj.openjdk.hotspot.jre.full.win32.x86_64_16.0.1.v20210528-1205\jre\bin\server

VM Arguments:
jvm_args: -Dfile.encoding=UTF-8 -XX:+ShowCodeDetailsInExceptionMessages 
java_command: com.net.javaguides.springbootbackend.SpringbootBackendApplication
java_class_path (initial): F:\JavaPrograms\SpringInterview\springbootReactJs\springboot-backend\target\classes;C:\Users\MBS\.m2\repository\org\springframework\boot\spring-boot-starter-data-jpa\2.5.4\spring-boot-starter-data-jpa-2.5.4.jar;C:\Users\MBS\.m2\repository\org\springframework\boot\spring-boot-starter-aop\2.5.4\spring-boot-starter-aop-2.5.4.jar;C:\Users\MBS\.m2\repository\org\springframework\spring-aop\5.3.9\spring-aop-5.3.9.jar;C:\Users\MBS\.m2\repository\org\aspectj\aspectjweaver\1.9.7\aspectjweaver-1.9.7.jar;C:\Users\MBS\.m2\repository\org\springframework\boot\spring-boot-starter-jdbc\2.5.4\spring-boot-starter-jdbc-2.5.4.jar;C:\Users\MBS\.m2\repository\com\zaxxer\HikariCP\4.0.3\HikariCP-4.0.3.jar;C:\Users\MBS\.m2\repository\org\springframework\spring-jdbc\5.3.9\spring-jdbc-5.3.9.jar;C:\Users\MBS\.m2\repository\jakarta\transaction\jakarta.transaction-api\1.3.3\jakarta.transaction-api-1.3.3.jar;C:\Users\MBS\.m2\repository\jakarta\persistence\jakarta.persistence-api\2.2.3\jakarta.persistence-api-2.2.3.jar;C:\Users\MBS\.m2\repository\org\hibernate\hibernate-core\5.4.32.Final\hibernate-core-5.4.32.Final.jar;C:\Users\MBS\.m2\repository\org\jboss\logging\jboss-logging\3.4.2.Final\jboss-logging-3.4.2.Final.jar;C:\Users\MBS\.m2\repository\org\javassist\javassist\3.27.0-GA\javassist-3.27.0-GA.jar;C:\Users\MBS\.m2\repository\net\bytebuddy\byte-buddy\1.10.22\byte-buddy-1.10.22.jar;C:\Users\MBS\.m2\repository\antlr\antlr\2.7.7\antlr-2.7.7.jar;C:\Users\MBS\.m2\repository\org\jboss\jandex\2.2.3.Final\jandex-2.2.3.Final.jar;C:\Users\MBS\.m2\repository\com\fasterxml\classmate\1.5.1\classmate-1.5.1.jar;C:\Users\MBS\.m2\repository\org\dom4j\dom4j\2.1.3\dom4j-2.1.3.jar;C:\Users\MBS\.m2\repository\org\hibernate\common\hibernate-commons-annotations\5.1.2.Final\hibernate-commons-annotations-5.1.2.Final.jar;C:\Users\MBS\.m2\repository\org\glassfish\jaxb\jaxb-runtime\2.3.5\jaxb-runtime-2.3.5.jar;C:\Users\MBS\.m2\repository\org\glassfish\jaxb\txw2\2.3.5\txw2-2.3.5.jar;C:\Users\M
Launcher Type: SUN_STANDARD

[Global flags]
     intx CICompilerCount                          = 3                                         {product} {ergonomic}
     uint ConcGCThreads                            = 1                                         {product} {ergonomic}
     uint G1ConcRefinementThreads                  = 4                                         {product} {ergonomic}
   size_t G1HeapRegionSize                         = 1048576                                   {product} {ergonomic}
    uintx GCDrainStackTargetSize                   = 64                                        {product} {ergonomic}
   size_t InitialHeapSize                          = 132120576                                 {product} {ergonomic}
   size_t MarkStackSize                            = 4194304                                   {product} {ergonomic}
   size_t MaxHeapSize                              = 2105540608                                {product} {ergonomic}
   size_t MaxNewSize                               = 1262485504                                {product} {ergonomic}
   size_t MinHeapDeltaBytes                        = 1048576                                   {product} {ergonomic}
   size_t MinHeapSize                              = 8388608                                   {product} {ergonomic}
    uintx NonNMethodCodeHeapSize                   = 5832780                                {pd product} {ergonomic}
    uintx NonProfiledCodeHeapSize                  = 122912730                              {pd product} {ergonomic}
    uintx ProfiledCodeHeapSize                     = 122912730                              {pd product} {ergonomic}
    uintx ReservedCodeCacheSize                    = 251658240                              {pd product} {ergonomic}
     bool SegmentedCodeCache                       = true                                      {product} {ergonomic}
     bool ShowCodeDetailsInExceptionMessages       = true                                   {manageable} {command line}
   size_t SoftMaxHeapSize                          = 2105540608                             {manageable} {ergonomic}
     bool UseCompressedClassPointers               = true                           {product lp64_product} {ergonomic}
     bool UseCompressedOops                        = true                           {product lp64_product} {ergonomic}
     bool UseG1GC                                  = true                                      {product} {ergonomic}
     bool UseLargePagesIndividualAllocation        = false                                  {pd product} {ergonomic}

Logging:
Log output configuration:
 #0: stdout all=warning uptime,level,tags
 #1: stderr all=off uptime,level,tags

Environment Variables:
JAVA_HOME=C:\Program Files\Java\jdk1.8.0_121
PATH=C:/Users/MBS/.p2/pool/plugins/org.eclipse.justj.openjdk.hotspot.jre.full.win32.x86_64_16.0.1.v20210528-1205/jre/bin/server;C:/Users/MBS/.p2/pool/plugins/org.eclipse.justj.openjdk.hotspot.jre.full.win32.x86_64_16.0.1.v20210528-1205/jre/bin;C:\Python38\Scripts\;C:\Python38\;C:\Program Files (x86)\Common Files\Oracle\Java\javapath;C:\Program Files (x86)\Intel\Intel(R) Management Engine Components\iCLS\;C:\Program Files\Intel\Intel(R) Management Engine Components\iCLS\;C:\WINDOWS\system32;C:\WINDOWS;C:\WINDOWS\System32\Wbem;C:\WINDOWS\System32\WindowsPowerShell\v1.0\;C:\Program Files (x86)\Intel\Intel(R) Management Engine Components\DAL;C:\Program Files\Intel\Intel(R) Management Engine Components\DAL;C:\Program Files (x86)\Intel\Intel(R) Management Engine Components\IPT;C:\Program Files\Intel\Intel(R) Management Engine Components\IPT;C:\WINDOWS\System32\OpenSSH\;C:\Program Files (x86)\Skype\Phone\;D:\Programs\Python\Python37\Scripts;C:\Program Files\MySQL\MySQL Utilities 1.6\;C:\Program Files\Git\cmd;C:\Program Files\Java\jdk1.8.0_121\bin;C:\Program Files\Java\jdk1.8.0_121\lib;C:\Program Files (x86)\PuTTY\;C:\Program Files\nodejs\;C:\ProgramData\chocolatey\bin;C:\Users\MBS\Anaconda3;C:\Users\MBS\Anaconda3\Library\mingw-w64\bin;C:\Users\MBS\Anaconda3\Library\usr\bin;C:\Users\MBS\Anaconda3\Library\bin;C:\Users\MBS\Anaconda3\Scripts;D:\Programs\Python\Python37\Scripts\;D:\Programs\Python\Python37\;C:\Users\MBS\AppData\Local\Microsoft\WindowsApps;D:\Programs\PyCharm 2018.3.3\bin;;D:\Programs\AppServ\Apache24\bin;D:\Programs\AppServ\php5;;C:\Users\MBS\AppData\Local\Programs\Microsoft VS Code\bin;C:\Users\MBS\AppData\Roaming\npm;C:\Program Files\Docker Toolbox;C:\Users\MBS\Desktop;
USERNAME=MBS
OS=Windows_NT
PROCESSOR_IDENTIFIER=Intel64 Family 6 Model 142 Stepping 10, GenuineIntel



---------------  S Y S T E M  ---------------

OS:
 Windows 10 , 64 bit Build 19041 (10.0.19041.1151)
OS uptime: 0 days 4:16 hours

CPU: total 4 (initial active 4) (2 cores per cpu, 2 threads per core) family 6 model 142 stepping 10 microcode 0xb4, cx8, cmov, fxsr, ht, mmx, 3dnowpref, sse, sse2, sse3, ssse3, sse4.1, sse4.2, popcnt, lzcnt, tsc, tscinvbit, avx, avx2, aes, erms, clmul, bmi1, bmi2, adx, fma, vzeroupper, clflush, clflushopt

Memory: 4k page, system-wide physical 8026M (2816M free)
TotalPageFile size 13658M (AvailPageFile size 6351M)
current process WorkingSet (physical memory assigned to process): 156M, peak: 156M
current process commit charge ("private bytes"): 208M, peak: 231M

vm_info: OpenJDK 64-Bit Server VM (16.0.1+9-24) for windows-amd64 JRE (16.0.1+9-24), built on Mar 26 2021 19:30:07 by "mach5one" with MS VC++ 16.7 (VS2019)

END.
